0
1
3
4
935916261
5
1735422102
-1
6
-1
-1
1189638068
265196706
7
1675587186
871829400
57045743
-1
744959681
-1
-1
8
1709435914
-1
183605829
1722611952
295255616
-1
1574866054
952767859
77066042
-1
-1
405701005
9
-1
-1
-1
-1
406577343
-1
311258941
1871885752
-1
-1
309888162
810704568
792153771
-1
703415709
1999996768
1063096324
1999996766
-1
1148161210
264574668
-1
1999996764
-1
695886745
810358702
1734800064
155917596
324409584
1128167370
-1
590038769
35849270
-1
-1
1999996762
290560856
-1
1541995918
277384818
1704741154
877932461
425130716
159546486
1922930728
-1
-1
-1
-1
-1
138351857
-1
-1
-1
-1
558203416
128111018
530891449
-1
245985693
1189292202
-1
-1
763774852
765653189
